This file contains any messages produced by compilers while
running configure, to aid debugging if configure makes a mistake.

It was created by sqlite configure 3.7.17, which was
generated by GNU Autoconf 2.69.  Invocation command line was

  $ ./configure --prefix=/home/wespisea/databaseProject/install/sqlite/

## --------- ##
## Platform. ##
## --------- ##

hostname = ummsres02
uname -m = x86_64
uname -r = 2.6.32-28-server
uname -s = Linux
uname -v = #55-Ubuntu SMP Mon Jan 10 23:57:16 UTC 2011

/usr/bin/uname -p = unknown
/bin/uname -X     = unknown

/bin/arch              = unknown
/usr/bin/arch -k       = unknown
/usr/convex/getsysinfo = unknown
/usr/bin/hostinfo      = unknown
/bin/machine           = unknown
/usr/bin/oslevel       = unknown
/bin/universe          = unknown

PATH: /usr/local/sbin
PATH: /usr/local/bin
PATH: /usr/sbin
PATH: /usr/bin
PATH: /sbin
PATH: /bin
PATH: /usr/games
PATH: JAVA_HOME
PATH: JRE_HOME
PATH: /opt/dell/srvadmin/bin
PATH: /home/wespisea/databaseProject/bin


## ----------- ##
## Core tests. ##
## ----------- ##

configure:2653: checking for a BSD-compatible install
configure:2721: result: /usr/bin/install -c
configure:2732: checking whether build environment is sane
configure:2769: result: yes
configure:2831: checking for gawk
configure:2847: found /usr/bin/gawk
configure:2858: result: gawk
configure:2869: checking whether make sets $(MAKE)
configure:2891: result: yes
configure:3082: checking for style of include used by make
configure:3110: result: GNU
configure:3183: checking for gcc
configure:3199: found /usr/bin/gcc
configure:3210: result: gcc
configure:3439: checking for C compiler version
configure:3448: gcc --version >&5
gcc (Ubuntu 4.4.3-4ubuntu5.1) 4.4.3
Copyright (C) 2009 Free Software Foundation, Inc.
This is free software; see the source for copying conditions.  There is NO
warranty; not even for MERCHANTABILITY or FITNESS FOR A PARTICULAR PURPOSE.

configure:3459: $? = 0
configure:3448: gcc -v >&5
Using built-in specs.
Target: x86_64-linux-gnu
Configured with: ../src/configure -v --with-pkgversion='Ubuntu 4.4.3-4ubuntu5.1' --with-bugurl=file:///usr/share/doc/gcc-4.4/README.Bugs --enable-languages=c,c++,fortran,objc,obj-c++ --prefix=/usr --enable-shared --enable-multiarch --enable-linker-build-id --with-system-zlib --libexecdir=/usr/lib --without-included-gettext --enable-threads=posix --with-gxx-include-dir=/usr/include/c++/4.4 --program-suffix=-4.4 --enable-nls --enable-clocale=gnu --enable-libstdcxx-debug --enable-plugin --enable-objc-gc --disable-werror --with-arch-32=i486 --with-tune=generic --enable-checking=release --build=x86_64-linux-gnu --host=x86_64-linux-gnu --target=x86_64-linux-gnu
Thread model: posix
gcc version 4.4.3 (Ubuntu 4.4.3-4ubuntu5.1) 
configure:3459: $? = 0
configure:3448: gcc -V >&5
gcc: '-V' option must have argument
configure:3459: $? = 1
configure:3448: gcc -qversion >&5
gcc: unrecognized option '-qversion'
gcc: no input files
configure:3459: $? = 1
configure:3479: checking whether the C compiler works
configure:3501: gcc    conftest.c  >&5
configure:3505: $? = 0
configure:3553: result: yes
configure:3556: checking for C compiler default output file name
configure:3558: result: a.out
configure:3564: checking for suffix of executables
configure:3571: gcc -o conftest    conftest.c  >&5
configure:3575: $? = 0
configure:3597: result: 
configure:3619: checking whether we are cross compiling
configure:3627: gcc -o conftest    conftest.c  >&5
configure:3631: $? = 0
configure:3638: ./conftest
configure:3642: $? = 0
configure:3657: result: no
configure:3662: checking for suffix of object files
configure:3684: gcc -c   conftest.c >&5
configure:3688: $? = 0
configure:3709: result: o
configure:3713: checking whether we are using the GNU C compiler
configure:3732: gcc -c   conftest.c >&5
configure:3732: $? = 0
configure:3741: result: yes
configure:3750: checking whether gcc accepts -g
configure:3770: gcc -c -g  conftest.c >&5
configure:3770: $? = 0
configure:3811: result: yes
configure:3828: checking for gcc option to accept ISO C89
configure:3891: gcc  -c -g -O2  conftest.c >&5
configure:3891: $? = 0
configure:3904: result: none needed
configure:3926: checking dependency style of gcc
configure:4016: result: gcc3
configure:4041: checking for special C compiler options needed for large files
configure:4086: result: no
configure:4092: checking for _FILE_OFFSET_BITS value needed for large files
configure:4117: gcc -c -g -O2  conftest.c >&5
configure:4117: $? = 0
configure:4149: result: no
configure:4284: checking for gcc
configure:4311: result: gcc
configure:4540: checking for C compiler version
configure:4549: gcc --version >&5
gcc (Ubuntu 4.4.3-4ubuntu5.1) 4.4.3
Copyright (C) 2009 Free Software Foundation, Inc.
This is free software; see the source for copying conditions.  There is NO
warranty; not even for MERCHANTABILITY or FITNESS FOR A PARTICULAR PURPOSE.

configure:4560: $? = 0
configure:4549: gcc -v >&5
Using built-in specs.
Target: x86_64-linux-gnu
Configured with: ../src/configure -v --with-pkgversion='Ubuntu 4.4.3-4ubuntu5.1' --with-bugurl=file:///usr/share/doc/gcc-4.4/README.Bugs --enable-languages=c,c++,fortran,objc,obj-c++ --prefix=/usr --enable-shared --enable-multiarch --enable-linker-build-id --with-system-zlib --libexecdir=/usr/lib --without-included-gettext --enable-threads=posix --with-gxx-include-dir=/usr/include/c++/4.4 --program-suffix=-4.4 --enable-nls --enable-clocale=gnu --enable-libstdcxx-debug --enable-plugin --enable-objc-gc --disable-werror --with-arch-32=i486 --with-tune=generic --enable-checking=release --build=x86_64-linux-gnu --host=x86_64-linux-gnu --target=x86_64-linux-gnu
Thread model: posix
gcc version 4.4.3 (Ubuntu 4.4.3-4ubuntu5.1) 
configure:4560: $? = 0
configure:4549: gcc -V >&5
gcc: '-V' option must have argument
configure:4560: $? = 1
configure:4549: gcc -qversion >&5
gcc: unrecognized option '-qversion'
gcc: no input files
configure:4560: $? = 1
configure:4564: checking whether we are using the GNU C compiler
configure:4592: result: yes
configure:4601: checking whether gcc accepts -g
configure:4662: result: yes
configure:4679: checking for gcc option to accept ISO C89
configure:4755: result: none needed
configure:4777: checking dependency style of gcc
configure:4867: result: gcc3
configure:4927: checking for ranlib
configure:4943: found /usr/bin/ranlib
configure:4954: result: ranlib
configure:5052: checking build system type
configure:5066: result: x86_64-unknown-linux-gnu
configure:5086: checking host system type
configure:5099: result: x86_64-unknown-linux-gnu
configure:5119: checking for a sed that does not truncate output
configure:5173: result: /bin/sed
configure:5176: checking for grep that handles long lines and -e
configure:5234: result: /bin/grep
configure:5239: checking for egrep
configure:5301: result: /bin/grep -E
configure:5317: checking for ld used by gcc
configure:5384: result: /usr/bin/ld
configure:5391: checking if the linker (/usr/bin/ld) is GNU ld
configure:5406: result: yes
configure:5411: checking for /usr/bin/ld option to reload object files
configure:5418: result: -r
configure:5436: checking for BSD-compatible nm
configure:5485: result: /usr/bin/nm -B
configure:5489: checking whether ln -s works
configure:5493: result: yes
configure:5500: checking how to recognise dependent libraries
configure:5676: result: pass_all
configure:5763: gcc -c -g -O2  conftest.c >&5
configure:5766: $? = 0
configure:5884: checking how to run the C preprocessor
configure:5915: gcc -E  conftest.c
configure:5915: $? = 0
configure:5929: gcc -E  conftest.c
conftest.c:11:28: error: ac_nonexistent.h: No such file or directory
configure:5929: $? = 1
configure: failed program was:
| /* confdefs.h */
| #define PACKAGE_NAME "sqlite"
| #define PACKAGE_TARNAME "sqlite"
| #define PACKAGE_VERSION "3.7.17"
| #define PACKAGE_STRING "sqlite 3.7.17"
| #define PACKAGE_BUGREPORT "http://www.sqlite.org"
| #define PACKAGE_URL ""
| #define PACKAGE "sqlite"
| #define VERSION "3.7.17"
| /* end confdefs.h.  */
| #include <ac_nonexistent.h>
configure:5954: result: gcc -E
configure:5974: gcc -E  conftest.c
configure:5974: $? = 0
configure:5988: gcc -E  conftest.c
conftest.c:11:28: error: ac_nonexistent.h: No such file or directory
configure:5988: $? = 1
configure: failed program was:
| /* confdefs.h */
| #define PACKAGE_NAME "sqlite"
| #define PACKAGE_TARNAME "sqlite"
| #define PACKAGE_VERSION "3.7.17"
| #define PACKAGE_STRING "sqlite 3.7.17"
| #define PACKAGE_BUGREPORT "http://www.sqlite.org"
| #define PACKAGE_URL ""
| #define PACKAGE "sqlite"
| #define VERSION "3.7.17"
| /* end confdefs.h.  */
| #include <ac_nonexistent.h>
configure:6017: checking for ANSI C header files
configure:6037: gcc -c -g -O2  conftest.c >&5
configure:6037: $? = 0
configure:6110: gcc -o conftest -g -O2   conftest.c  >&5
configure:6110: $? = 0
configure:6110: ./conftest
configure:6110: $? = 0
configure:6121: result: yes
configure:6134: checking for sys/types.h
configure:6134: gcc -c -g -O2  conftest.c >&5
configure:6134: $? = 0
configure:6134: result: yes
configure:6134: checking for sys/stat.h
configure:6134: gcc -c -g -O2  conftest.c >&5
configure:6134: $? = 0
configure:6134: result: yes
configure:6134: checking for stdlib.h
configure:6134: gcc -c -g -O2  conftest.c >&5
configure:6134: $? = 0
configure:6134: result: yes
configure:6134: checking for string.h
configure:6134: gcc -c -g -O2  conftest.c >&5
configure:6134: $? = 0
configure:6134: result: yes
configure:6134: checking for memory.h
configure:6134: gcc -c -g -O2  conftest.c >&5
configure:6134: $? = 0
configure:6134: result: yes
configure:6134: checking for strings.h
configure:6134: gcc -c -g -O2  conftest.c >&5
configure:6134: $? = 0
configure:6134: result: yes
configure:6134: checking for inttypes.h
configure:6134: gcc -c -g -O2  conftest.c >&5
configure:6134: $? = 0
configure:6134: result: yes
configure:6134: checking for stdint.h
configure:6134: gcc -c -g -O2  conftest.c >&5
configure:6134: $? = 0
configure:6134: result: yes
configure:6134: checking for unistd.h
configure:6134: gcc -c -g -O2  conftest.c >&5
configure:6134: $? = 0
configure:6134: result: yes
configure:6148: checking dlfcn.h usability
configure:6148: gcc -c -g -O2  conftest.c >&5
configure:6148: $? = 0
configure:6148: result: yes
configure:6148: checking dlfcn.h presence
configure:6148: gcc -E  conftest.c
configure:6148: $? = 0
configure:6148: result: yes
configure:6148: checking for dlfcn.h
configure:6148: result: yes
configure:6216: checking for g++
configure:6232: found /usr/bin/g++
configure:6243: result: g++
configure:6270: checking for C++ compiler version
configure:6279: g++ --version >&5
g++ (Ubuntu 4.4.3-4ubuntu5.1) 4.4.3
Copyright (C) 2009 Free Software Foundation, Inc.
This is free software; see the source for copying conditions.  There is NO
warranty; not even for MERCHANTABILITY or FITNESS FOR A PARTICULAR PURPOSE.

configure:6290: $? = 0
configure:6279: g++ -v >&5
Using built-in specs.
Target: x86_64-linux-gnu
Configured with: ../src/configure -v --with-pkgversion='Ubuntu 4.4.3-4ubuntu5.1' --with-bugurl=file:///usr/share/doc/gcc-4.4/README.Bugs --enable-languages=c,c++,fortran,objc,obj-c++ --prefix=/usr --enable-shared --enable-multiarch --enable-linker-build-id --with-system-zlib --libexecdir=/usr/lib --without-included-gettext --enable-threads=posix --with-gxx-include-dir=/usr/include/c++/4.4 --program-suffix=-4.4 --enable-nls --enable-clocale=gnu --enable-libstdcxx-debug --enable-plugin --enable-objc-gc --disable-werror --with-arch-32=i486 --with-tune=generic --enable-checking=release --build=x86_64-linux-gnu --host=x86_64-linux-gnu --target=x86_64-linux-gnu
Thread model: posix
gcc version 4.4.3 (Ubuntu 4.4.3-4ubuntu5.1) 
configure:6290: $? = 0
configure:6279: g++ -V >&5
g++: '-V' option must have argument
configure:6290: $? = 1
configure:6279: g++ -qversion >&5
g++: unrecognized option '-qversion'
g++: no input files
configure:6290: $? = 1
configure:6294: checking whether we are using the GNU C++ compiler
configure:6313: g++ -c   conftest.cpp >&5
configure:6313: $? = 0
configure:6322: result: yes
configure:6331: checking whether g++ accepts -g
configure:6351: g++ -c -g  conftest.cpp >&5
configure:6351: $? = 0
configure:6392: result: yes
configure:6417: checking dependency style of g++
configure:6507: result: gcc3
configure:6534: checking how to run the C++ preprocessor
configure:6561: g++ -E  conftest.cpp
configure:6561: $? = 0
configure:6575: g++ -E  conftest.cpp
conftest.cpp:22:28: error: ac_nonexistent.h: No such file or directory
configure:6575: $? = 1
configure: failed program was:
| /* confdefs.h */
| #define PACKAGE_NAME "sqlite"
| #define PACKAGE_TARNAME "sqlite"
| #define PACKAGE_VERSION "3.7.17"
| #define PACKAGE_STRING "sqlite 3.7.17"
| #define PACKAGE_BUGREPORT "http://www.sqlite.org"
| #define PACKAGE_URL ""
| #define PACKAGE "sqlite"
| #define VERSION "3.7.17"
| #define STDC_HEADERS 1
| #define HAVE_SYS_TYPES_H 1
| #define HAVE_SYS_STAT_H 1
| #define HAVE_STDLIB_H 1
| #define HAVE_STRING_H 1
| #define HAVE_MEMORY_H 1
| #define HAVE_STRINGS_H 1
| #define HAVE_INTTYPES_H 1
| #define HAVE_STDINT_H 1
| #define HAVE_UNISTD_H 1
| #define HAVE_DLFCN_H 1
| /* end confdefs.h.  */
| #include <ac_nonexistent.h>
configure:6600: result: g++ -E
configure:6620: g++ -E  conftest.cpp
configure:6620: $? = 0
configure:6634: g++ -E  conftest.cpp
conftest.cpp:22:28: error: ac_nonexistent.h: No such file or directory
configure:6634: $? = 1
configure: failed program was:
| /* confdefs.h */
| #define PACKAGE_NAME "sqlite"
| #define PACKAGE_TARNAME "sqlite"
| #define PACKAGE_VERSION "3.7.17"
| #define PACKAGE_STRING "sqlite 3.7.17"
| #define PACKAGE_BUGREPORT "http://www.sqlite.org"
| #define PACKAGE_URL ""
| #define PACKAGE "sqlite"
| #define VERSION "3.7.17"
| #define STDC_HEADERS 1
| #define HAVE_SYS_TYPES_H 1
| #define HAVE_SYS_STAT_H 1
| #define HAVE_STDLIB_H 1
| #define HAVE_STRING_H 1
| #define HAVE_MEMORY_H 1
| #define HAVE_STRINGS_H 1
| #define HAVE_INTTYPES_H 1
| #define HAVE_STDINT_H 1
| #define HAVE_UNISTD_H 1
| #define HAVE_DLFCN_H 1
| /* end confdefs.h.  */
| #include <ac_nonexistent.h>
configure:6718: checking for g77
configure:6748: result: no
configure:6718: checking for xlf
configure:6748: result: no
configure:6718: checking for f77
configure:6734: found /usr/bin/f77
configure:6745: result: f77
configure:6771: checking for Fortran 77 compiler version
configure:6780: f77 --version >&5
/usr/bin/f77: Illegal option: --version
configure:6791: $? = 255
configure:6780: f77 -v >&5
/usr/bin/f77: fort77 Version 1.15
/usr/bin/f77: No input files specified
configure:6791: $? = 255
configure:6780: f77 -V >&5
/usr/bin/f77 : Missing argument to "-V"
configure:6791: $? = 255
configure:6780: f77 -qversion >&5
/usr/bin/f77: Illegal option: -qversion
configure:6791: $? = 255
configure:6800: checking whether we are using the GNU Fortran 77 compiler
configure:6813: f77 -c  conftest.F >&5
   MAIN main:
configure:6813: $? = 0
configure:6822: result: yes
configure:6828: checking whether f77 accepts -g
configure:6839: f77 -c -g conftest.f >&5
   MAIN main:
configure:6839: $? = 0
configure:6847: result: yes
configure:6881: checking the maximum length of command line arguments
configure:6990: result: 32768
configure:7001: checking command to parse /usr/bin/nm -B output from gcc object
configure:7106: gcc -c -g -O2  conftest.c >&5
configure:7109: $? = 0
configure:7113: /usr/bin/nm -B conftest.o \| sed -n -e 's/^.*[ 	]\([ABCDGIRSTW][ABCDGIRSTW]*\)[ 	][ 	]*\([_A-Za-z][_A-Za-z0-9]*\)$/\1 \2 \2/p' \> conftest.nm
configure:7116: $? = 0
configure:7168: gcc -o conftest -g -O2   conftest.c conftstm.o >&5
configure:7171: $? = 0
configure:7209: result: ok
configure:7213: checking for objdir
configure:7228: result: .libs
configure:7320: checking for ar
configure:7336: found /usr/bin/ar
configure:7347: result: ar
configure:7412: checking for ranlib
configure:7439: result: ranlib
configure:7504: checking for strip
configure:7520: found /usr/bin/strip
configure:7531: result: strip
configure:7813: checking if gcc supports -fno-rtti -fno-exceptions
configure:7831: gcc -c -g -O2  -fno-rtti -fno-exceptions conftest.c >&5
cc1: warning: command line option "-fno-rtti" is valid for C++/ObjC++ but not for C
configure:7835: $? = 0
configure:7848: result: no
configure:7863: checking for gcc option to produce PIC
configure:8073: result: -fPIC
configure:8081: checking if gcc PIC flag -fPIC works
configure:8099: gcc -c -g -O2  -fPIC -DPIC conftest.c >&5
configure:8103: $? = 0
configure:8116: result: yes
configure:8144: checking if gcc static flag -static works
configure:8172: result: yes
configure:8182: checking if gcc supports -c -o file.o
configure:8203: gcc -c -g -O2  -o out/conftest2.o conftest.c >&5
configure:8207: $? = 0
configure:8229: result: yes
configure:8255: checking whether the gcc linker (/usr/bin/ld -m elf_x86_64) supports shared libraries
configure:9155: result: yes
configure:9176: checking whether -lc should be explicitly linked in
configure:9181: gcc -c -g -O2  conftest.c >&5
configure:9184: $? = 0
configure:9199: gcc -shared conftest.o  -v -Wl,-soname -Wl,conftest -o conftest 2\>\&1 \| grep  -lc  \>/dev/null 2\>\&1
configure:9202: $? = 0
configure:9214: result: no
configure:9222: checking dynamic linker characteristics
configure:9810: result: GNU/Linux ld.so
configure:9819: checking how to hardcode library paths into programs
configure:9844: result: immediate
configure:9858: checking whether stripping libraries is possible
configure:9863: result: yes
configure:10379: checking if libtool supports shared libraries
configure:10381: result: yes
configure:10384: checking whether to build shared libraries
configure:10405: result: yes
configure:10408: checking whether to build static libraries
configure:10412: result: yes
configure:10504: creating libtool
configure:11088: checking for ld used by g++
configure:11155: result: /usr/bin/ld -m elf_x86_64
configure:11162: checking if the linker (/usr/bin/ld -m elf_x86_64) is GNU ld
configure:11177: result: yes
configure:11228: checking whether the g++ linker (/usr/bin/ld -m elf_x86_64) supports shared libraries
configure:12108: result: yes
configure:12126: g++ -c -g -O2  conftest.cpp >&5
configure:12129: $? = 0
configure:12248: checking for g++ option to produce PIC
configure:12522: result: -fPIC
configure:12530: checking if g++ PIC flag -fPIC works
configure:12548: g++ -c -g -O2  -fPIC -DPIC conftest.cpp >&5
configure:12552: $? = 0
configure:12565: result: yes
configure:12593: checking if g++ static flag -static works
configure:12621: result: yes
configure:12631: checking if g++ supports -c -o file.o
configure:12652: g++ -c -g -O2  -o out/conftest2.o conftest.cpp >&5
configure:12656: $? = 0
configure:12678: result: yes
configure:12704: checking whether the g++ linker (/usr/bin/ld -m elf_x86_64) supports shared libraries
configure:12729: result: yes
configure:12796: checking dynamic linker characteristics
configure:13384: result: GNU/Linux ld.so
configure:13393: checking how to hardcode library paths into programs
configure:13418: result: immediate
configure:13944: checking if libtool supports shared libraries
configure:13946: result: yes
configure:13949: checking whether to build shared libraries
configure:13969: result: yes
configure:13972: checking whether to build static libraries
configure:13976: result: yes
configure:13986: checking for f77 option to produce PIC
configure:14196: result: -fPIC
configure:14204: checking if f77 PIC flag -fPIC works
configure:14222: f77 -c -g -O2 -fPIC conftest.f >&5
   t:
configure:14226: $? = 0
configure:14239: result: yes
configure:14267: checking if f77 static flag -static works
   MAIN t:
configure:14295: result: yes
configure:14305: checking if f77 supports -c -o file.o
configure:14326: f77 -c -g -O2 -o out/conftest2.o conftest.f >&5
   t:
configure:14330: $? = 0
configure:14352: result: yes
configure:14378: checking whether the f77 linker (/usr/bin/ld -m elf_x86_64) supports shared libraries
configure:15266: result: yes
configure:15333: checking dynamic linker characteristics
configure:15921: result: GNU/Linux ld.so
configure:15930: checking how to hardcode library paths into programs
configure:15955: result: immediate
configure:19454: checking for a thread-safe mkdir -p
configure:19493: result: /bin/mkdir -p
configure:19501: checking for fdatasync
configure:19501: gcc -o conftest -g -O2   conftest.c  >&5
configure:19501: $? = 0
configure:19501: result: yes
configure:19501: checking for usleep
configure:19501: gcc -o conftest -g -O2   conftest.c  >&5
configure:19501: $? = 0
configure:19501: result: yes
configure:19501: checking for fullfsync
configure:19501: gcc -o conftest -g -O2   conftest.c  >&5
/tmp/cceYB93G.o: In function `main':
/home/wespisea/databaseProject/install/sqlite/sqlite-autoconf-3071700/conftest.c:58: undefined reference to `fullfsync'
collect2: ld returned 1 exit status
configure:19501: $? = 1
configure: failed program was:
| /* confdefs.h */
| #define PACKAGE_NAME "sqlite"
| #define PACKAGE_TARNAME "sqlite"
| #define PACKAGE_VERSION "3.7.17"
| #define PACKAGE_STRING "sqlite 3.7.17"
| #define PACKAGE_BUGREPORT "http://www.sqlite.org"
| #define PACKAGE_URL ""
| #define PACKAGE "sqlite"
| #define VERSION "3.7.17"
| #define STDC_HEADERS 1
| #define HAVE_SYS_TYPES_H 1
| #define HAVE_SYS_STAT_H 1
| #define HAVE_STDLIB_H 1
| #define HAVE_STRING_H 1
| #define HAVE_MEMORY_H 1
| #define HAVE_STRINGS_H 1
| #define HAVE_INTTYPES_H 1
| #define HAVE_STDINT_H 1
| #define HAVE_UNISTD_H 1
| #define HAVE_DLFCN_H 1
| #define HAVE_FDATASYNC 1
| #define HAVE_USLEEP 1
| /* end confdefs.h.  */
| /* Define fullfsync to an innocuous variant, in case <limits.h> declares fullfsync.
|    For example, HP-UX 11i <limits.h> declares gettimeofday.  */
| #define fullfsync innocuous_fullfsync
| 
| /* System header to define __stub macros and hopefully few prototypes,
|     which can conflict with char fullfsync (); below.
|     Prefer <limits.h> to <assert.h> if __STDC__ is defined, since
|     <limits.h> exists even on freestanding compilers.  */
| 
| #ifdef __STDC__
| # include <limits.h>
| #else
| # include <assert.h>
| #endif
| 
| #undef fullfsync
| 
| /* Override any GCC internal prototype to avoid an error.
|    Use char because int might match the return type of a GCC
|    builtin and then its argument prototype would still apply.  */
| #ifdef __cplusplus
| extern "C"
| #endif
| char fullfsync ();
| /* The GNU C library defines this for functions which it implements
|     to always fail with ENOSYS.  Some functions are actually named
|     something starting with __ and the normal name is an alias.  */
| #if defined __stub_fullfsync || defined __stub___fullfsync
| choke me
| #endif
| 
| int
| main ()
| {
| return fullfsync ();
|   ;
|   return 0;
| }
configure:19501: result: no
configure:19501: checking for localtime_r
configure:19501: gcc -o conftest -g -O2   conftest.c  >&5
configure:19501: $? = 0
configure:19501: result: yes
configure:19501: checking for gmtime_r
configure:19501: gcc -o conftest -g -O2   conftest.c  >&5
configure:19501: $? = 0
configure:19501: result: yes
configure:19510: checking whether strerror_r is declared
configure:19510: gcc -c -g -O2  conftest.c >&5
configure:19510: $? = 0
configure:19510: result: yes
configure:19523: checking for strerror_r
configure:19523: gcc -o conftest -g -O2   conftest.c  >&5
configure:19523: $? = 0
configure:19523: result: yes
configure:19532: checking whether strerror_r returns char *
configure:19556: gcc -c -g -O2  conftest.c >&5
conftest.c: In function 'main':
conftest.c:66: error: invalid type argument of 'unary *' (have 'int')
conftest.c:67: warning: initialization makes pointer from integer without a cast
configure:19556: $? = 1
configure: failed program was:
| /* confdefs.h */
| #define PACKAGE_NAME "sqlite"
| #define PACKAGE_TARNAME "sqlite"
| #define PACKAGE_VERSION "3.7.17"
| #define PACKAGE_STRING "sqlite 3.7.17"
| #define PACKAGE_BUGREPORT "http://www.sqlite.org"
| #define PACKAGE_URL ""
| #define PACKAGE "sqlite"
| #define VERSION "3.7.17"
| #define STDC_HEADERS 1
| #define HAVE_SYS_TYPES_H 1
| #define HAVE_SYS_STAT_H 1
| #define HAVE_STDLIB_H 1
| #define HAVE_STRING_H 1
| #define HAVE_MEMORY_H 1
| #define HAVE_STRINGS_H 1
| #define HAVE_INTTYPES_H 1
| #define HAVE_STDINT_H 1
| #define HAVE_UNISTD_H 1
| #define HAVE_DLFCN_H 1
| #define HAVE_FDATASYNC 1
| #define HAVE_USLEEP 1
| #define HAVE_LOCALTIME_R 1
| #define HAVE_GMTIME_R 1
| #define HAVE_DECL_STRERROR_R 1
| #define HAVE_STRERROR_R 1
| /* end confdefs.h.  */
| #include <stdio.h>
| #ifdef HAVE_SYS_TYPES_H
| # include <sys/types.h>
| #endif
| #ifdef HAVE_SYS_STAT_H
| # include <sys/stat.h>
| #endif
| #ifdef STDC_HEADERS
| # include <stdlib.h>
| # include <stddef.h>
| #else
| # ifdef HAVE_STDLIB_H
| #  include <stdlib.h>
| # endif
| #endif
| #ifdef HAVE_STRING_H
| # if !defined STDC_HEADERS && defined HAVE_MEMORY_H
| #  include <memory.h>
| # endif
| # include <string.h>
| #endif
| #ifdef HAVE_STRINGS_H
| # include <strings.h>
| #endif
| #ifdef HAVE_INTTYPES_H
| # include <inttypes.h>
| #endif
| #ifdef HAVE_STDINT_H
| # include <stdint.h>
| #endif
| #ifdef HAVE_UNISTD_H
| # include <unistd.h>
| #endif
| int
| main ()
| {
| 
| 	  char buf[100];
| 	  char x = *strerror_r (0, buf, sizeof buf);
| 	  char *p = strerror_r (0, buf, sizeof buf);
| 	  return !p || x;
| 
|   ;
|   return 0;
| }
configure:19594: result: no
configure:19620: checking for library containing tgetent
configure:19651: gcc -o conftest -g -O2   conftest.c  >&5
/tmp/ccq7E6R6.o: In function `main':
/home/wespisea/databaseProject/install/sqlite/sqlite-autoconf-3071700/conftest.c:39: undefined reference to `tgetent'
collect2: ld returned 1 exit status
configure:19651: $? = 1
configure: failed program was:
| /* confdefs.h */
| #define PACKAGE_NAME "sqlite"
| #define PACKAGE_TARNAME "sqlite"
| #define PACKAGE_VERSION "3.7.17"
| #define PACKAGE_STRING "sqlite 3.7.17"
| #define PACKAGE_BUGREPORT "http://www.sqlite.org"
| #define PACKAGE_URL ""
| #define PACKAGE "sqlite"
| #define VERSION "3.7.17"
| #define STDC_HEADERS 1
| #define HAVE_SYS_TYPES_H 1
| #define HAVE_SYS_STAT_H 1
| #define HAVE_STDLIB_H 1
| #define HAVE_STRING_H 1
| #define HAVE_MEMORY_H 1
| #define HAVE_STRINGS_H 1
| #define HAVE_INTTYPES_H 1
| #define HAVE_STDINT_H 1
| #define HAVE_UNISTD_H 1
| #define HAVE_DLFCN_H 1
| #define HAVE_FDATASYNC 1
| #define HAVE_USLEEP 1
| #define HAVE_LOCALTIME_R 1
| #define HAVE_GMTIME_R 1
| #define HAVE_DECL_STRERROR_R 1
| #define HAVE_STRERROR_R 1
| /* end confdefs.h.  */
| 
| /* Override any GCC internal prototype to avoid an error.
|    Use char because int might match the return type of a GCC
|    builtin and then its argument prototype would still apply.  */
| #ifdef __cplusplus
| extern "C"
| #endif
| char tgetent ();
| int
| main ()
| {
| return tgetent ();
|   ;
|   return 0;
| }
configure:19651: gcc -o conftest -g -O2   conftest.c -lcurses   >&5
configure:19651: $? = 0
configure:19668: result: -lcurses
configure:19676: checking for library containing readline
configure:19707: gcc -o conftest -g -O2   conftest.c -lcurses  >&5
/tmp/cc0sbtBh.o: In function `main':
/home/wespisea/databaseProject/install/sqlite/sqlite-autoconf-3071700/conftest.c:39: undefined reference to `readline'
collect2: ld returned 1 exit status
configure:19707: $? = 1
configure: failed program was:
| /* confdefs.h */
| #define PACKAGE_NAME "sqlite"
| #define PACKAGE_TARNAME "sqlite"
| #define PACKAGE_VERSION "3.7.17"
| #define PACKAGE_STRING "sqlite 3.7.17"
| #define PACKAGE_BUGREPORT "http://www.sqlite.org"
| #define PACKAGE_URL ""
| #define PACKAGE "sqlite"
| #define VERSION "3.7.17"
| #define STDC_HEADERS 1
| #define HAVE_SYS_TYPES_H 1
| #define HAVE_SYS_STAT_H 1
| #define HAVE_STDLIB_H 1
| #define HAVE_STRING_H 1
| #define HAVE_MEMORY_H 1
| #define HAVE_STRINGS_H 1
| #define HAVE_INTTYPES_H 1
| #define HAVE_STDINT_H 1
| #define HAVE_UNISTD_H 1
| #define HAVE_DLFCN_H 1
| #define HAVE_FDATASYNC 1
| #define HAVE_USLEEP 1
| #define HAVE_LOCALTIME_R 1
| #define HAVE_GMTIME_R 1
| #define HAVE_DECL_STRERROR_R 1
| #define HAVE_STRERROR_R 1
| /* end confdefs.h.  */
| 
| /* Override any GCC internal prototype to avoid an error.
|    Use char because int might match the return type of a GCC
|    builtin and then its argument prototype would still apply.  */
| #ifdef __cplusplus
| extern "C"
| #endif
| char readline ();
| int
| main ()
| {
| return readline ();
|   ;
|   return 0;
| }
configure:19707: gcc -o conftest -g -O2   conftest.c -lreadline  -lcurses  >&5
configure:19707: $? = 0
configure:19724: result: -lreadline
configure:19736: checking for readline
configure:19736: gcc -o conftest -g -O2   conftest.c -lreadline -lcurses  >&5
configure:19736: $? = 0
configure:19736: result: yes
configure:19764: checking for library containing pthread_create
configure:19795: gcc -o conftest -g -O2   conftest.c  >&5
/tmp/ccHAfYPj.o: In function `main':
/home/wespisea/databaseProject/install/sqlite/sqlite-autoconf-3071700/conftest.c:40: undefined reference to `pthread_create'
collect2: ld returned 1 exit status
configure:19795: $? = 1
configure: failed program was:
| /* confdefs.h */
| #define PACKAGE_NAME "sqlite"
| #define PACKAGE_TARNAME "sqlite"
| #define PACKAGE_VERSION "3.7.17"
| #define PACKAGE_STRING "sqlite 3.7.17"
| #define PACKAGE_BUGREPORT "http://www.sqlite.org"
| #define PACKAGE_URL ""
| #define PACKAGE "sqlite"
| #define VERSION "3.7.17"
| #define STDC_HEADERS 1
| #define HAVE_SYS_TYPES_H 1
| #define HAVE_SYS_STAT_H 1
| #define HAVE_STDLIB_H 1
| #define HAVE_STRING_H 1
| #define HAVE_MEMORY_H 1
| #define HAVE_STRINGS_H 1
| #define HAVE_INTTYPES_H 1
| #define HAVE_STDINT_H 1
| #define HAVE_UNISTD_H 1
| #define HAVE_DLFCN_H 1
| #define HAVE_FDATASYNC 1
| #define HAVE_USLEEP 1
| #define HAVE_LOCALTIME_R 1
| #define HAVE_GMTIME_R 1
| #define HAVE_DECL_STRERROR_R 1
| #define HAVE_STRERROR_R 1
| #define HAVE_READLINE 1
| /* end confdefs.h.  */
| 
| /* Override any GCC internal prototype to avoid an error.
|    Use char because int might match the return type of a GCC
|    builtin and then its argument prototype would still apply.  */
| #ifdef __cplusplus
| extern "C"
| #endif
| char pthread_create ();
| int
| main ()
| {
| return pthread_create ();
|   ;
|   return 0;
| }
configure:19795: gcc -o conftest -g -O2   conftest.c -lpthread   >&5
configure:19795: $? = 0
configure:19812: result: -lpthread
configure:19835: checking for library containing dlopen
configure:19866: gcc -o conftest -g -O2   conftest.c -lpthread  >&5
/tmp/cczxDtTp.o: In function `main':
/home/wespisea/databaseProject/install/sqlite/sqlite-autoconf-3071700/conftest.c:40: undefined reference to `dlopen'
collect2: ld returned 1 exit status
configure:19866: $? = 1
configure: failed program was:
| /* confdefs.h */
| #define PACKAGE_NAME "sqlite"
| #define PACKAGE_TARNAME "sqlite"
| #define PACKAGE_VERSION "3.7.17"
| #define PACKAGE_STRING "sqlite 3.7.17"
| #define PACKAGE_BUGREPORT "http://www.sqlite.org"
| #define PACKAGE_URL ""
| #define PACKAGE "sqlite"
| #define VERSION "3.7.17"
| #define STDC_HEADERS 1
| #define HAVE_SYS_TYPES_H 1
| #define HAVE_SYS_STAT_H 1
| #define HAVE_STDLIB_H 1
| #define HAVE_STRING_H 1
| #define HAVE_MEMORY_H 1
| #define HAVE_STRINGS_H 1
| #define HAVE_INTTYPES_H 1
| #define HAVE_STDINT_H 1
| #define HAVE_UNISTD_H 1
| #define HAVE_DLFCN_H 1
| #define HAVE_FDATASYNC 1
| #define HAVE_USLEEP 1
| #define HAVE_LOCALTIME_R 1
| #define HAVE_GMTIME_R 1
| #define HAVE_DECL_STRERROR_R 1
| #define HAVE_STRERROR_R 1
| #define HAVE_READLINE 1
| /* end confdefs.h.  */
| 
| /* Override any GCC internal prototype to avoid an error.
|    Use char because int might match the return type of a GCC
|    builtin and then its argument prototype would still apply.  */
| #ifdef __cplusplus
| extern "C"
| #endif
| char dlopen ();
| int
| main ()
| {
| return dlopen ();
|   ;
|   return 0;
| }
configure:19866: gcc -o conftest -g -O2   conftest.c -ldl  -lpthread  >&5
configure:19866: $? = 0
configure:19883: result: -ldl
configure:19894: checking for whether to support dynamic extensions
configure:19896: result: yes
configure:19903: checking for posix_fallocate
configure:19903: gcc -o conftest -g -O2   conftest.c -ldl -lpthread  >&5
configure:19903: $? = 0
configure:19903: result: yes
configure:20104: creating ./config.status

## ---------------------- ##
## Running config.status. ##
## ---------------------- ##

This file was extended by sqlite config.status 3.7.17, which was
generated by GNU Autoconf 2.69.  Invocation command line was

  CONFIG_FILES    = 
  CONFIG_HEADERS  = 
  CONFIG_LINKS    = 
  CONFIG_COMMANDS = 
  $ ./config.status 

on ummsres02

config.status:797: creating Makefile
config.status:797: creating sqlite3.pc
config.status:969: executing depfiles commands

## ---------------- ##
## Cache variables. ##
## ---------------- ##

ac_cv_build=x86_64-unknown-linux-gnu
ac_cv_c_compiler_gnu=yes
ac_cv_cxx_compiler_gnu=yes
ac_cv_env_CCC_set=
ac_cv_env_CCC_value=
ac_cv_env_CC_set=
ac_cv_env_CC_value=
ac_cv_env_CFLAGS_set=
ac_cv_env_CFLAGS_value=
ac_cv_env_CPPFLAGS_set=
ac_cv_env_CPPFLAGS_value=
ac_cv_env_CPP_set=
ac_cv_env_CPP_value=
ac_cv_env_CXXCPP_set=
ac_cv_env_CXXCPP_value=
ac_cv_env_CXXFLAGS_set=
ac_cv_env_CXXFLAGS_value=
ac_cv_env_CXX_set=
ac_cv_env_CXX_value=
ac_cv_env_F77_set=
ac_cv_env_F77_value=
ac_cv_env_FFLAGS_set=
ac_cv_env_FFLAGS_value=
ac_cv_env_LDFLAGS_set=
ac_cv_env_LDFLAGS_value=
ac_cv_env_LIBS_set=
ac_cv_env_LIBS_value=
ac_cv_env_build_alias_set=
ac_cv_env_build_alias_value=
ac_cv_env_host_alias_set=
ac_cv_env_host_alias_value=
ac_cv_env_target_alias_set=
ac_cv_env_target_alias_value=
ac_cv_f77_compiler_gnu=yes
ac_cv_func_fdatasync=yes
ac_cv_func_fullfsync=no
ac_cv_func_gmtime_r=yes
ac_cv_func_localtime_r=yes
ac_cv_func_posix_fallocate=yes
ac_cv_func_readline=yes
ac_cv_func_strerror_r=yes
ac_cv_func_strerror_r_char_p=no
ac_cv_func_usleep=yes
ac_cv_have_decl_strerror_r=yes
ac_cv_header_dlfcn_h=yes
ac_cv_header_inttypes_h=yes
ac_cv_header_memory_h=yes
ac_cv_header_stdc=yes
ac_cv_header_stdint_h=yes
ac_cv_header_stdlib_h=yes
ac_cv_header_string_h=yes
ac_cv_header_strings_h=yes
ac_cv_header_sys_stat_h=yes
ac_cv_header_sys_types_h=yes
ac_cv_header_unistd_h=yes
ac_cv_host=x86_64-unknown-linux-gnu
ac_cv_objext=o
ac_cv_path_EGREP='/bin/grep -E'
ac_cv_path_GREP=/bin/grep
ac_cv_path_install='/usr/bin/install -c'
ac_cv_path_mkdir=/bin/mkdir
ac_cv_prog_AWK=gawk
ac_cv_prog_CPP='gcc -E'
ac_cv_prog_CXXCPP='g++ -E'
ac_cv_prog_ac_ct_AR=ar
ac_cv_prog_ac_ct_CC=gcc
ac_cv_prog_ac_ct_CXX=g++
ac_cv_prog_ac_ct_F77=f77
ac_cv_prog_ac_ct_RANLIB=ranlib
ac_cv_prog_ac_ct_STRIP=strip
ac_cv_prog_cc_c89=
ac_cv_prog_cc_g=yes
ac_cv_prog_cxx_g=yes
ac_cv_prog_f77_g=yes
ac_cv_prog_make_make_set=yes
ac_cv_search_dlopen=-ldl
ac_cv_search_pthread_create=-lpthread
ac_cv_search_readline=-lreadline
ac_cv_search_tgetent=-lcurses
ac_cv_sys_file_offset_bits=no
ac_cv_sys_largefile_CC=no
am_cv_CC_dependencies_compiler_type=gcc3
am_cv_CXX_dependencies_compiler_type=gcc3
lt_cv_deplibs_check_method=pass_all
lt_cv_file_magic_cmd='$MAGIC_CMD'
lt_cv_file_magic_test_file=
lt_cv_ld_reload_flag=-r
lt_cv_objdir=.libs
lt_cv_path_LD=/usr/bin/ld
lt_cv_path_LDCXX='/usr/bin/ld -m elf_x86_64'
lt_cv_path_NM='/usr/bin/nm -B'
lt_cv_path_SED=/bin/sed
lt_cv_prog_compiler_c_o=yes
lt_cv_prog_compiler_c_o_CXX=yes
lt_cv_prog_compiler_c_o_F77=yes
lt_cv_prog_compiler_rtti_exceptions=no
lt_cv_prog_gnu_ld=yes
lt_cv_prog_gnu_ldcxx=yes
lt_cv_sys_global_symbol_pipe='sed -n -e '\''s/^.*[ 	]\([ABCDGIRSTW][ABCDGIRSTW]*\)[ 	][ 	]*\([_A-Za-z][_A-Za-z0-9]*\)$/\1 \2 \2/p'\'''
lt_cv_sys_global_symbol_to_c_name_address='sed -n -e '\''s/^: \([^ ]*\) $/  {\"\1\", (lt_ptr) 0},/p'\'' -e '\''s/^[BCDEGRST] \([^ ]*\) \([^ ]*\)$/  {"\2", (lt_ptr) \&\2},/p'\'''
lt_cv_sys_global_symbol_to_cdecl='sed -n -e '\''s/^. .* \(.*\)$/extern int \1;/p'\'''
lt_cv_sys_max_cmd_len=32768
lt_lt_cv_prog_compiler_c_o='"yes"'
lt_lt_cv_prog_compiler_c_o_CXX='"yes"'
lt_lt_cv_prog_compiler_c_o_F77='"yes"'
lt_lt_cv_sys_global_symbol_pipe='"sed -n -e '\''s/^.*[ 	]\\([ABCDGIRSTW][ABCDGIRSTW]*\\)[ 	][ 	]*\\([_A-Za-z][_A-Za-z0-9]*\\)\$/\\1 \\2 \\2/p'\''"'
lt_lt_cv_sys_global_symbol_to_c_name_address='"sed -n -e '\''s/^: \\([^ ]*\\) \$/  {\\\"\\1\\\", (lt_ptr) 0},/p'\'' -e '\''s/^[BCDEGRST] \\([^ ]*\\) \\([^ ]*\\)\$/  {\"\\2\", (lt_ptr) \\&\\2},/p'\''"'
lt_lt_cv_sys_global_symbol_to_cdecl='"sed -n -e '\''s/^. .* \\(.*\\)\$/extern int \\1;/p'\''"'

## ----------------- ##
## Output variables. ##
## ----------------- ##

ACLOCAL='${SHELL} /home/wespisea/databaseProject/install/sqlite/sqlite-autoconf-3071700/missing --run aclocal-1.9'
AMDEPBACKSLASH='\'
AMDEP_FALSE='#'
AMDEP_TRUE=''
AMTAR='${SHELL} /home/wespisea/databaseProject/install/sqlite/sqlite-autoconf-3071700/missing --run tar'
AR='ar'
AUTOCONF='${SHELL} /home/wespisea/databaseProject/install/sqlite/sqlite-autoconf-3071700/missing --run autoconf'
AUTOHEADER='${SHELL} /home/wespisea/databaseProject/install/sqlite/sqlite-autoconf-3071700/missing --run autoheader'
AUTOMAKE='${SHELL} /home/wespisea/databaseProject/install/sqlite/sqlite-autoconf-3071700/missing --run automake-1.9'
AWK='gawk'
BUILD_CFLAGS=''
CC='gcc'
CCDEPMODE='depmode=gcc3'
CFLAGS='-g -O2'
CPP='gcc -E'
CPPFLAGS=''
CXX='g++'
CXXCPP='g++ -E'
CXXDEPMODE='depmode=gcc3'
CXXFLAGS='-g -O2'
CYGPATH_W='echo'
DEFS='-DPACKAGE_NAME=\"sqlite\" -DPACKAGE_TARNAME=\"sqlite\" -DPACKAGE_VERSION=\"3.7.17\" -DPACKAGE_STRING=\"sqlite\ 3.7.17\" -DPACKAGE_BUGREPORT=\"http://www.sqlite.org\" -DPACKAGE_URL=\"\" -DPACKAGE=\"sqlite\" -DVERSION=\"3.7.17\" -DSTDC_HEADERS=1 -DHAVE_SYS_TYPES_H=1 -DHAVE_SYS_STAT_H=1 -DHAVE_STDLIB_H=1 -DHAVE_STRING_H=1 -DHAVE_MEMORY_H=1 -DHAVE_STRINGS_H=1 -DHAVE_INTTYPES_H=1 -DHAVE_STDINT_H=1 -DHAVE_UNISTD_H=1 -DHAVE_DLFCN_H=1 -DHAVE_FDATASYNC=1 -DHAVE_USLEEP=1 -DHAVE_LOCALTIME_R=1 -DHAVE_GMTIME_R=1 -DHAVE_DECL_STRERROR_R=1 -DHAVE_STRERROR_R=1 -DHAVE_READLINE=1 -DHAVE_POSIX_FALLOCATE=1'
DEPDIR='.deps'
DYNAMIC_EXTENSION_FLAGS=''
ECHO='echo'
ECHO_C=''
ECHO_N='-n'
ECHO_T=''
EGREP='/bin/grep -E'
EXEEXT=''
F77='f77'
FFLAGS='-g -O2'
GREP='/bin/grep'
INSTALL_DATA='${INSTALL} -m 644'
INSTALL_PROGRAM='${INSTALL}'
INSTALL_SCRIPT='${INSTALL}'
INSTALL_STRIP_PROGRAM='${SHELL} $(install_sh) -c -s'
LDFLAGS=''
LIBOBJS=''
LIBS='-ldl -lpthread '
LIBTOOL='$(SHELL) $(top_builddir)/libtool'
LN_S='ln -s'
LTLIBOBJS=''
MAKEINFO='${SHELL} /home/wespisea/databaseProject/install/sqlite/sqlite-autoconf-3071700/missing --run makeinfo'
MKDIR_P='/bin/mkdir -p'
OBJEXT='o'
PACKAGE='sqlite'
PACKAGE_BUGREPORT='http://www.sqlite.org'
PACKAGE_NAME='sqlite'
PACKAGE_STRING='sqlite 3.7.17'
PACKAGE_TARNAME='sqlite'
PACKAGE_URL=''
PACKAGE_VERSION='3.7.17'
PATH_SEPARATOR=':'
RANLIB='ranlib'
READLINE_LIBS='-lreadline -lcurses '
SET_MAKE=''
SHELL='/bin/bash'
STRIP='strip'
THREADSAFE_FLAGS='-D_REENTRANT=1 -DSQLITE_THREADSAFE=1'
VERSION='3.7.17'
ac_ct_CC='gcc'
ac_ct_CXX='g++'
ac_ct_F77='f77'
am__fastdepCC_FALSE='#'
am__fastdepCC_TRUE=''
am__fastdepCXX_FALSE='#'
am__fastdepCXX_TRUE=''
am__include='include'
am__leading_dot='.'
am__quote=''
am__tar='${AMTAR} chof - "$$tardir"'
am__untar='${AMTAR} xf -'
bindir='${exec_prefix}/bin'
build='x86_64-unknown-linux-gnu'
build_alias=''
build_cpu='x86_64'
build_os='linux-gnu'
build_vendor='unknown'
datadir='${datarootdir}'
datarootdir='${prefix}/share'
docdir='${datarootdir}/doc/${PACKAGE_TARNAME}'
dvidir='${docdir}'
exec_prefix='${prefix}'
host='x86_64-unknown-linux-gnu'
host_alias=''
host_cpu='x86_64'
host_os='linux-gnu'
host_vendor='unknown'
htmldir='${docdir}'
includedir='${prefix}/include'
infodir='${datarootdir}/info'
install_sh='/home/wespisea/databaseProject/install/sqlite/sqlite-autoconf-3071700/install-sh'
libdir='${exec_prefix}/lib'
libexecdir='${exec_prefix}/libexec'
localedir='${datarootdir}/locale'
localstatedir='${prefix}/var'
mandir='${datarootdir}/man'
mkdir_p='mkdir -p --'
oldincludedir='/usr/include'
pdfdir='${docdir}'
prefix='/home/wespisea/databaseProject/install/sqlite'
program_transform_name='s,x,x,'
psdir='${docdir}'
sbindir='${exec_prefix}/sbin'
sharedstatedir='${prefix}/com'
sysconfdir='${prefix}/etc'
target_alias=''

## ----------- ##
## confdefs.h. ##
## ----------- ##

/* confdefs.h */
#define PACKAGE_NAME "sqlite"
#define PACKAGE_TARNAME "sqlite"
#define PACKAGE_VERSION "3.7.17"
#define PACKAGE_STRING "sqlite 3.7.17"
#define PACKAGE_BUGREPORT "http://www.sqlite.org"
#define PACKAGE_URL ""
#define PACKAGE "sqlite"
#define VERSION "3.7.17"
#define STDC_HEADERS 1
#define HAVE_SYS_TYPES_H 1
#define HAVE_SYS_STAT_H 1
#define HAVE_STDLIB_H 1
#define HAVE_STRING_H 1
#define HAVE_MEMORY_H 1
#define HAVE_STRINGS_H 1
#define HAVE_INTTYPES_H 1
#define HAVE_STDINT_H 1
#define HAVE_UNISTD_H 1
#define HAVE_DLFCN_H 1
#define HAVE_FDATASYNC 1
#define HAVE_USLEEP 1
#define HAVE_LOCALTIME_R 1
#define HAVE_GMTIME_R 1
#define HAVE_DECL_STRERROR_R 1
#define HAVE_STRERROR_R 1
#define HAVE_READLINE 1
#define HAVE_POSIX_FALLOCATE 1

configure: exit 0
